<?xml version="1.0" encoding="UTF-8"?>
<!-- Generated by org.testng.reporters.JUnitXMLReporter -->
<testsuite ignored="0" hostname="DESKTOP-C83HSKL" failures="1" tests="1" name="Default test" time="1.275" errors="0" timestamp="2024-05-06T19:03:53 IST">
  <testcase classname="io.cucumber.testng.AbstractTestNGCucumberTests" name="runScenario" time="0.142">
    <failure type="java.lang.NullPointerException" message="Cannot invoke &amp;quot;LearningAutomation.SeleniumWithFramework.LandingPage.loginApp(String, String)&amp;quot; because &amp;quot;this.landingpage&amp;quot; is null">
      <![CDATA[java.lang.NullPointerException: Cannot invoke "LearningAutomation.SeleniumWithFramework.LandingPage.loginApp(String, String)" because "this.landingpage" is null
at Stepdefinations.Stepdefinitions_for_SO.Logged_In_With_Username_And_Password(Stepdefinitions_for_SO.java:37)
at ✽.Logged in with username ngill@email.com and password Patiala@11(file:///E:/eclipse-workspace/SeleniumWithFramework/src/test/java/Cucumber/SubmitOrder.feature:9)
]]>
    </failure>
  </testcase> <!-- runScenario -->
</testsuite> <!-- Default test -->
