<?xml version="1.0" encoding="UTF-8"?>
<!-- Generated by org.testng.reporters.JUnitXMLReporter -->
<testsuite ignored="1" hostname="DESKTOP-C83HSKL" failures="0" tests="2" name="SubmitOrder" time="58.553" errors="0" timestamp="2024-05-06T19:02:07 IST">
  <testcase classname="LearningAutomation.SeleniumWithFramework.SubmitOrder" name="submitOrder" time="29.931"/>
  <testcase classname="LearningAutomation.SeleniumWithFramework.SubmitOrder" name="submitOrder" time="27.315"/>
  <testcase classname="LearningAutomation.SeleniumWithFramework.SubmitOrder" name="orderHistoryTest" time="0.0">
    <ignored/>
  </testcase> <!-- orderHistoryTest -->
</testsuite> <!-- SubmitOrder -->
