<?xml version="1.0" encoding="UTF-8"?>
<!-- Generated by org.testng.reporters.JUnitXMLReporter -->
<testsuite ignored="1" hostname="DESKTOP-C83HSKL" failures="0" tests="2" name="SubmitOrder" time="58.004" errors="0" timestamp="2024-05-03T19:13:25 IST">
  <testcase classname="LearningAutomation.SeleniumWithFramework.SubmitOrder" name="submitOrder" time="31.845"/>
  <testcase classname="LearningAutomation.SeleniumWithFramework.SubmitOrder" name="submitOrder" time="25.112"/>
  <testcase classname="LearningAutomation.SeleniumWithFramework.SubmitOrder" name="orderHistoryTest" time="0.0">
    <ignored/>
  </testcase> <!-- orderHistoryTest -->
</testsuite> <!-- SubmitOrder -->
