<?xml version="1.0" encoding="UTF-8"?>
<!-- Generated by org.testng.reporters.JUnitReportReporter -->
<testsuite hostname="DESKTOP-C83HSKL" failures="0" tests="1" name="Cucumber.TestRunner" time="0.288" errors="1" timestamp="2024-05-06T18:41:00 IST" skipped="0">
  <testcase classname="Cucumber.TestRunner" name="runScenario" time="0.288">
    <error message="Cannot invoke &quot;LearningAutomation.SeleniumWithFramework.LandingPage.loginApp(String, String)&quot; because &quot;this.landingpage&quot; is null" type="java.lang.NullPointerException">
      <![CDATA[java.lang.NullPointerException: Cannot invoke "LearningAutomation.SeleniumWithFramework.LandingPage.loginApp(String, String)" because "this.landingpage" is null
at Stepdefinations.Stepdefinitions_for_SO.Logged_In_With_Username_And_Password(Stepdefinitions_for_SO.java:36)
at ✽.Logged in with username ngill@email.com and password Patiala@12(file:///E:/eclipse-workspace/SeleniumWithFramework/src/test/java/Cucumber/ErrorValidation.feature:10)
]]>
    </error>
  </testcase> <!-- runScenario -->
</testsuite> <!-- Cucumber.TestRunner -->
